


ARM Macro Assembler    Page 1 


    1 00000000         
    2 00000000         
    3 00000000                 AREA             WB_INIT, CODE, READONLY
    4 00000000         
    5 00000000         ;--------------------------------------------
    6 00000000         ; Mode bits and interrupt flag (I&F) defines
    7 00000000         ;--------------------------------------------
    8 00000000 00000010 
                       USR_MODE
                               EQU              0x10
    9 00000000 00000011 
                       FIQ_MODE
                               EQU              0x11
   10 00000000 00000012 
                       IRQ_MODE
                               EQU              0x12
   11 00000000 00000013 
                       SVC_MODE
                               EQU              0x13
   12 00000000 00000017 
                       ABT_MODE
                               EQU              0x17
   13 00000000 0000001B 
                       UDF_MODE
                               EQU              0x1B
   14 00000000 0000001F 
                       SYS_MODE
                               EQU              0x1F
   15 00000000         
   16 00000000 00000080 
                       I_BIT   EQU              0x80
   17 00000000 00000040 
                       F_BIT   EQU              0x40
   18 00000000         
   19 00000000         ;----------------------------
   20 00000000         ; System / User Stack Memory
   21 00000000         ;----------------------------
   22 00000000 02000000 
                       RAM_Limit
                               EQU              0x2000000   ; For unexpanded ha
                                                            rdware board
   23 00000000         
   24 00000000 02000000 
                       UND_Stack
                               EQU              RAM_Limit
   25 00000000 01FFFF00 
                       Abort_Stack
                               EQU              RAM_Limit-256
   26 00000000 01FFFE00 
                       IRQ_Stack
                               EQU              RAM_Limit-512 ; followed by IRQ
                                                             stack
   27 00000000 01FFFD00 
                       FIQ_Stack
                               EQU              RAM_Limit-768 ; followed by IRQ
                                                             stack
   28 00000000 01FFFC00 
                       SVC_Stack
                               EQU              RAM_Limit-1024 ; SVC stack at t



ARM Macro Assembler    Page 2 


                                                            op of memory
   29 00000000 02000000 
                       USR_Stack
                               EQU              RAM_Limit
   30 00000000         
   31 00000000         
   32 00000000                 ENTRY
   33 00000000                 IMPORT           vPortYieldProcessor
   34 00000000                 IMPORT           vPreemptiveTick
   35 00000000                 EXPORT           Reset_Go
   36 00000000         
   37 00000000         
   38 00000000                 EXPORT           Vector_Table
   39 00000000         Vector_Table
   40 00000000 EAFFFFFE        B                Reset_Go    ; Modified to be re
                                                            lative jumb for ext
                                                            ernal boot
   41 00000004 E59FF018        LDR              PC, Undefined_Addr
   42 00000008 E59FF018        LDR              PC, SWI_Addr
   43 0000000C E59FF018        LDR              PC, Prefetch_Addr
   44 00000010 E59FF018        LDR              PC, Abort_Addr
   45 00000014 00000000        DCD              0x0
   46 00000018 E59FF018        LDR              PC, IRQ_Addr
   47 0000001C E59FF018        LDR              PC, FIQ_Addr
   48 00000020         
   49 00000020         
   50 00000020 00000000 
                       Reset_Addr
                               DCD              Reset_Go
   51 00000024 00000000 
                       Undefined_Addr
                               DCD              Undefined_Handler
   52 00000028         ;SWI_Addr        DCD     SWI_Handler1
   53 00000028 00000000 
                       SWI_Addr
                               DCD              vPortYieldProcessor
   54 0000002C 00000000 
                       Prefetch_Addr
                               DCD              Prefetch_Handler
   55 00000030 00000000 
                       Abort_Addr
                               DCD              Abort_Handler
   56 00000034 00000000        DCD              0
   57 00000038         ;IRQ_Addr        DCD     IRQ_Handler
   58 00000038 00000000 
                       IRQ_Addr
                               DCD              vPreemptiveTick
   59 0000003C 00000000 
                       FIQ_Addr
                               DCD              FIQ_Handler
   60 00000040         
   61 00000040         
   62 00000040         ; ************************
   63 00000040         ; Exception Handlers
   64 00000040         ; ************************
   65 00000040         
   66 00000040         ; The following dummy handlers do not do anything useful
                        in this example.
   67 00000040         ; They are set up here for completeness.



ARM Macro Assembler    Page 3 


   68 00000040         
   69 00000040         Undefined_Handler
   70 00000040 EAFFFFFE        B                Undefined_Handler
   71 00000044         SWI_Handler1
   72 00000044         ;        B       SWI_Handler1     
   73 00000044 E3A00000        mov              r0, #0
   74 00000048 E1B0F00E        movs             pc, lr
   75 0000004C         Prefetch_Handler
   76 0000004C EAFFFFFE        B                Prefetch_Handler
   77 00000050         Abort_Handler
   78 00000050 EAFFFFFE        B                Abort_Handler
   79 00000054         IRQ_Handler
   80 00000054 EAFFFFFE        B                IRQ_Handler
   81 00000058         FIQ_Handler
   82 00000058 EAFFFFFE        B                FIQ_Handler
   83 0000005C         
   84 0000005C         
   85 0000005C         Reset_Go
   86 0000005C         
   87 0000005C         ;--------------------------------
   88 0000005C         ; Initial Stack Pointer register
   89 0000005C         ;--------------------------------
   90 0000005C         ;INIT_STACK 
   91 0000005C E321F0DB        MSR              CPSR_c, #UDF_MODE :OR: I_BIT :O
R: F_BIT
   92 00000060 E59FD034        LDR              SP, =UND_Stack
   93 00000064         
   94 00000064 E321F0D7        MSR              CPSR_c, #ABT_MODE :OR: I_BIT :O
R: F_BIT
   95 00000068 E59FD030        LDR              SP, =Abort_Stack
   96 0000006C         
   97 0000006C E321F0D2        MSR              CPSR_c, #IRQ_MODE :OR: I_BIT :O
R: F_BIT
   98 00000070 E59FD02C        LDR              SP, =IRQ_Stack
   99 00000074         
  100 00000074 E321F0D1        MSR              CPSR_c, #FIQ_MODE :OR: I_BIT :O
R: F_BIT
  101 00000078 E59FD028        LDR              SP, =FIQ_Stack
  102 0000007C         
  103 0000007C E321F0DF        MSR              CPSR_c, #SYS_MODE :OR: I_BIT :O
R: F_BIT
  104 00000080 E59FD014        LDR              SP, =USR_Stack
  105 00000084         
  106 00000084 E321F0D3        MSR              CPSR_c, #SVC_MODE :OR: I_BIT :O
R: F_BIT
  107 00000088 E59FD01C        LDR              SP, =SVC_Stack
  108 0000008C         
  109 0000008C         ;------------------------------------------------------
  110 0000008C         ; Set the normal exception vector of CP15 control bit   
                        
  111 0000008C         ;------------------------------------------------------ 
                          
  112 0000008C EE110F10        MRC              p15, 0, r0 , c1, c0 ; r0 := cp1
                                                            5 register 1
  113 00000090 E3C00A02        BIC              r0, r0, #0x2000 
                                                            ; Clear bit13 in r1
                                                            
  114 00000094 EE010F10        MCR              p15, 0, r0 , c1, c0 ; cp15 regi
                                                            ster 1 := r0



ARM Macro Assembler    Page 4 


  115 00000098         
  116 00000098                 IF               :DEF:SYS_INIT
  192                          ENDIF
  193 00000098         
  194 00000098         
  195 00000098                 IMPORT           __main
  196 00000098         ;-----------------------------
  197 00000098         ; enter the C code
  198 00000098         ;----------------------------- 
  199 00000098 EAFFFFFE        B                __main
  200 0000009C         
  201 0000009C                 END
              02000000 
              01FFFF00 
              01FFFE00 
              01FFFD00 
              01FFFC00 
Command Line: --debug --xref --diag_suppress=9931 --cpu=ARM926EJ-S --apcs=inter
work --depend=.\objects\wb_init.d -o.\objects\wb_init.o -I..\..\..\Source\porta
ble\RVDS\ARM9_N329x -Id:\Keil_v5\ARM\RV31\INC -Id:\Keil_v5\ARM\CMSIS\Include -I
d:\Keil_v5\ARM\Inc\Toshiba --predefine="__UVISION_VERSION SETA 514" --list=.\ob
jects\wb_init.lst ..\Startup\wb_init.s



ARM Macro Assembler    Page 1 Alphabetic symbol ordering
Relocatable symbols

Abort_Addr 00000030

Symbol: Abort_Addr
   Definitions
      At line 55 in file ..\Startup\wb_init.s
   Uses
      At line 44 in file ..\Startup\wb_init.s
Comment: Abort_Addr used once
Abort_Handler 00000050

Symbol: Abort_Handler
   Definitions
      At line 77 in file ..\Startup\wb_init.s
   Uses
      At line 55 in file ..\Startup\wb_init.s
      At line 78 in file ..\Startup\wb_init.s

FIQ_Addr 0000003C

Symbol: FIQ_Addr
   Definitions
      At line 59 in file ..\Startup\wb_init.s
   Uses
      At line 47 in file ..\Startup\wb_init.s
Comment: FIQ_Addr used once
FIQ_Handler 00000058

Symbol: FIQ_Handler
   Definitions
      At line 81 in file ..\Startup\wb_init.s
   Uses
      At line 59 in file ..\Startup\wb_init.s
      At line 82 in file ..\Startup\wb_init.s

IRQ_Addr 00000038

Symbol: IRQ_Addr
   Definitions
      At line 58 in file ..\Startup\wb_init.s
   Uses
      At line 46 in file ..\Startup\wb_init.s
Comment: IRQ_Addr used once
IRQ_Handler 00000054

Symbol: IRQ_Handler
   Definitions
      At line 79 in file ..\Startup\wb_init.s
   Uses
      At line 80 in file ..\Startup\wb_init.s
Comment: IRQ_Handler used once
Prefetch_Addr 0000002C

Symbol: Prefetch_Addr
   Definitions
      At line 54 in file ..\Startup\wb_init.s
   Uses
      At line 43 in file ..\Startup\wb_init.s
Comment: Prefetch_Addr used once
Prefetch_Handler 0000004C



ARM Macro Assembler    Page 2 Alphabetic symbol ordering
Relocatable symbols


Symbol: Prefetch_Handler
   Definitions
      At line 75 in file ..\Startup\wb_init.s
   Uses
      At line 54 in file ..\Startup\wb_init.s
      At line 76 in file ..\Startup\wb_init.s

Reset_Addr 00000020

Symbol: Reset_Addr
   Definitions
      At line 50 in file ..\Startup\wb_init.s
   Uses
      None
Comment: Reset_Addr unused
Reset_Go 0000005C

Symbol: Reset_Go
   Definitions
      At line 85 in file ..\Startup\wb_init.s
   Uses
      At line 35 in file ..\Startup\wb_init.s
      At line 40 in file ..\Startup\wb_init.s
      At line 50 in file ..\Startup\wb_init.s

SWI_Addr 00000028

Symbol: SWI_Addr
   Definitions
      At line 53 in file ..\Startup\wb_init.s
   Uses
      At line 42 in file ..\Startup\wb_init.s
Comment: SWI_Addr used once
SWI_Handler1 00000044

Symbol: SWI_Handler1
   Definitions
      At line 71 in file ..\Startup\wb_init.s
   Uses
      None
Comment: SWI_Handler1 unused
Undefined_Addr 00000024

Symbol: Undefined_Addr
   Definitions
      At line 51 in file ..\Startup\wb_init.s
   Uses
      At line 41 in file ..\Startup\wb_init.s
Comment: Undefined_Addr used once
Undefined_Handler 00000040

Symbol: Undefined_Handler
   Definitions
      At line 69 in file ..\Startup\wb_init.s
   Uses
      At line 51 in file ..\Startup\wb_init.s
      At line 70 in file ..\Startup\wb_init.s




ARM Macro Assembler    Page 3 Alphabetic symbol ordering
Relocatable symbols

Vector_Table 00000000

Symbol: Vector_Table
   Definitions
      At line 39 in file ..\Startup\wb_init.s
   Uses
      At line 38 in file ..\Startup\wb_init.s
Comment: Vector_Table used once
WB_INIT 00000000

Symbol: WB_INIT
   Definitions
      At line 3 in file ..\Startup\wb_init.s
   Uses
      None
Comment: WB_INIT unused
16 symbols



ARM Macro Assembler    Page 1 Alphabetic symbol ordering
Absolute symbols

ABT_MODE 00000017

Symbol: ABT_MODE
   Definitions
      At line 12 in file ..\Startup\wb_init.s
   Uses
      At line 94 in file ..\Startup\wb_init.s
Comment: ABT_MODE used once
Abort_Stack 01FFFF00

Symbol: Abort_Stack
   Definitions
      At line 25 in file ..\Startup\wb_init.s
   Uses
      At line 95 in file ..\Startup\wb_init.s
Comment: Abort_Stack used once
FIQ_MODE 00000011

Symbol: FIQ_MODE
   Definitions
      At line 9 in file ..\Startup\wb_init.s
   Uses
      At line 100 in file ..\Startup\wb_init.s
Comment: FIQ_MODE used once
FIQ_Stack 01FFFD00

Symbol: FIQ_Stack
   Definitions
      At line 27 in file ..\Startup\wb_init.s
   Uses
      At line 101 in file ..\Startup\wb_init.s
Comment: FIQ_Stack used once
F_BIT 00000040

Symbol: F_BIT
   Definitions
      At line 17 in file ..\Startup\wb_init.s
   Uses
      At line 91 in file ..\Startup\wb_init.s
      At line 94 in file ..\Startup\wb_init.s
      At line 97 in file ..\Startup\wb_init.s
      At line 100 in file ..\Startup\wb_init.s
      At line 103 in file ..\Startup\wb_init.s
      At line 106 in file ..\Startup\wb_init.s

IRQ_MODE 00000012

Symbol: IRQ_MODE
   Definitions
      At line 10 in file ..\Startup\wb_init.s
   Uses
      At line 97 in file ..\Startup\wb_init.s
Comment: IRQ_MODE used once
IRQ_Stack 01FFFE00

Symbol: IRQ_Stack
   Definitions
      At line 26 in file ..\Startup\wb_init.s
   Uses



ARM Macro Assembler    Page 2 Alphabetic symbol ordering
Absolute symbols

      At line 98 in file ..\Startup\wb_init.s
Comment: IRQ_Stack used once
I_BIT 00000080

Symbol: I_BIT
   Definitions
      At line 16 in file ..\Startup\wb_init.s
   Uses
      At line 91 in file ..\Startup\wb_init.s
      At line 94 in file ..\Startup\wb_init.s
      At line 97 in file ..\Startup\wb_init.s
      At line 100 in file ..\Startup\wb_init.s
      At line 103 in file ..\Startup\wb_init.s
      At line 106 in file ..\Startup\wb_init.s

RAM_Limit 02000000

Symbol: RAM_Limit
   Definitions
      At line 22 in file ..\Startup\wb_init.s
   Uses
      At line 24 in file ..\Startup\wb_init.s
      At line 25 in file ..\Startup\wb_init.s
      At line 26 in file ..\Startup\wb_init.s
      At line 27 in file ..\Startup\wb_init.s
      At line 28 in file ..\Startup\wb_init.s
      At line 29 in file ..\Startup\wb_init.s

SVC_MODE 00000013

Symbol: SVC_MODE
   Definitions
      At line 11 in file ..\Startup\wb_init.s
   Uses
      At line 106 in file ..\Startup\wb_init.s
Comment: SVC_MODE used once
SVC_Stack 01FFFC00

Symbol: SVC_Stack
   Definitions
      At line 28 in file ..\Startup\wb_init.s
   Uses
      At line 107 in file ..\Startup\wb_init.s
Comment: SVC_Stack used once
SYS_MODE 0000001F

Symbol: SYS_MODE
   Definitions
      At line 14 in file ..\Startup\wb_init.s
   Uses
      At line 103 in file ..\Startup\wb_init.s
Comment: SYS_MODE used once
UDF_MODE 0000001B

Symbol: UDF_MODE
   Definitions
      At line 13 in file ..\Startup\wb_init.s
   Uses
      At line 91 in file ..\Startup\wb_init.s



ARM Macro Assembler    Page 3 Alphabetic symbol ordering
Absolute symbols

Comment: UDF_MODE used once
UND_Stack 02000000

Symbol: UND_Stack
   Definitions
      At line 24 in file ..\Startup\wb_init.s
   Uses
      At line 92 in file ..\Startup\wb_init.s
Comment: UND_Stack used once
USR_MODE 00000010

Symbol: USR_MODE
   Definitions
      At line 8 in file ..\Startup\wb_init.s
   Uses
      None
Comment: USR_MODE unused
USR_Stack 02000000

Symbol: USR_Stack
   Definitions
      At line 29 in file ..\Startup\wb_init.s
   Uses
      At line 104 in file ..\Startup\wb_init.s
Comment: USR_Stack used once
16 symbols



ARM Macro Assembler    Page 1 Alphabetic symbol ordering
External symbols

__main 00000000

Symbol: __main
   Definitions
      At line 195 in file ..\Startup\wb_init.s
   Uses
      At line 199 in file ..\Startup\wb_init.s
Comment: __main used once
vPortYieldProcessor 00000000

Symbol: vPortYieldProcessor
   Definitions
      At line 33 in file ..\Startup\wb_init.s
   Uses
      At line 53 in file ..\Startup\wb_init.s
Comment: vPortYieldProcessor used once
vPreemptiveTick 00000000

Symbol: vPreemptiveTick
   Definitions
      At line 34 in file ..\Startup\wb_init.s
   Uses
      At line 58 in file ..\Startup\wb_init.s
Comment: vPreemptiveTick used once
3 symbols
370 symbols in table
